<?xml version="1.0" encoding="UTF-8"?>
<!-- Generated by org.testng.reporters.JUnitReportReporter -->
<testsuite skipped="0" hostname="DESKTOP-H4V6UKL" name="project2.FrontPage" tests="1" failures="0" timestamp="2021-01-25T13:16:10 IST" time="16.893" errors="0">
  <testcase name="pracproj2" time="16.893" classname="project2.FrontPage"/>
  <system-out/>
</testsuite> <!-- project2.FrontPage -->
